#
# A fatal error has been detected by the Java Runtime Environment:
#
#  EXCEPTION_INVALID_DISPOSITION (0xc0000026) at pc=0x00007ffeafbe4b90, pid=9376, tid=0x00000000000037dc
#
# JRE version: Java(TM) SE Runtime Environment (8.0_151-b12) (build 1.8.0_151-b12)
# Java VM: Java HotSpot(TM) 64-Bit Server VM (25.151-b12 mixed mode windows-amd64 compressed oops)
# Problematic frame:
# C  [ntdll.dll+0x4b90]
#
# Failed to write core dump. Minidumps are not enabled by default on client versions of Windows
#
# If you would like to submit a bug report, please visit:
#   http://bugreport.java.com/bugreport/crash.jsp
# The crash happened outside the Java Virtual Machine in native code.
# See problematic frame for where to report the bug.
#

---------------  T H R E A D  ---------------

Current thread (0x0000000017405000):  JavaThread "Thread-2" daemon [_thread_in_native, id=14300, stack(0x0000000020f10000,0x0000000021010000)]

siginfo: ExceptionCode=0xc0000026

Registers:
RAX=0x000000005cfd79f1, RBX=0x00000000c0000026, RCX=0x0000000016ecd138, RDX=0x0000000017405000
RSP=0x000000002100c150, RBP=0x000000002100c250, RSI=0x0000000000000000, RDI=0x0000000000000000
R8 =0x000000005cf15af5, R9 =0x0000000017405000, R10=0x0000000017405000, R11=0x0000000100010210
R12=0x000000005c650000, R13=0x000000005c82fe36, R14=0x0000000000000000, R15=0x000000002100d2f0
RIP=0x00007ffeafbe4b90, EFLAGS=0x0000000000000206

Top of Stack: (sp=0x000000002100c150)
0x000000002100c150:   0000000017405000 000000005cfd79f1
0x000000002100c160:   00000000c0000026 000000005cfd79f1
0x000000002100c170:   00000001c0000026 0000000000000000
0x000000002100c180:   00007ffeafbe4b90 0000000000000000
0x000000002100c190:   0000000014c9a830 000000010001f660
0x000000002100c1a0:   00000000198f3258 000000010001f660
0x000000002100c1b0:   0000000100000000 000000005cfd79f1
0x000000002100c1c0:   0000000014c9a8d0 000000005d0fd1e2
0x000000002100c1d0:   00000001000641c0 000000005cf74c75
0x000000002100c1e0:   000000002100c2a0 000000005cf9d7ac
0x000000002100c1f0:   000000002100d000 000000010001f660
0x000000002100c200:   0000000014dbefc8 000000005cf9d406
0x000000002100c210:   0000000014a78f50 0000000000000000
0x000000002100c220:   0000000000000000 0000000017405000
0x000000002100c230:   0000000017405000 000000005cf9d330
0x000000002100c240:   00001fa00010000f 0053002b002b0033 

Instructions: (pc=0x00007ffeafbe4b90)
0x00007ffeafbe4b70:   48 89 5c 24 10 55 48 8d ac 24 70 fb ff ff 48 81
0x00007ffeafbe4b80:   ec 90 05 00 00 8b d9 48 8d 4d c0 e8 10 46 0a 00
0x00007ffeafbe4b90:   48 8b 85 b8 00 00 00 48 8d 55 c0 33 c9 48 89 44
0x00007ffeafbe4ba0:   24 30 48 89 4c 24 28 89 4c 24 38 89 5c 24 20 c7 


Register to memory mapping:

RAX=0x000000005cfd79f1 is an unknown value
RBX=0x00000000c0000026 is an unknown value
RCX=0x0000000016ecd138 is an unknown value
RDX=0x0000000017405000 is a thread
RSP=0x000000002100c150 is pointing into the stack for thread: 0x0000000017405000
RBP=0x000000002100c250 is pointing into the stack for thread: 0x0000000017405000
RSI=0x0000000000000000 is an unknown value
RDI=0x0000000000000000 is an unknown value
R8 =0x000000005cf15af5 is an unknown value
R9 =0x0000000017405000 is a thread
R10=0x0000000017405000 is a thread
R11=0x0000000100010210 is pointing into metadata
R12=0x000000005c650000 is an unknown value
R13=0x000000005c82fe36 is an unknown value
R14=0x0000000000000000 is an unknown value
R15=0x000000002100d2f0 is pointing into the stack for thread: 0x0000000017405000


Stack: [0x0000000020f10000,0x0000000021010000],  sp=0x000000002100c150,  free space=1008k
Native frames: (J=compiled Java code, j=interpreted, Vv=VM code, C=native code)
C  [ntdll.dll+0x4b90]
C  [ntdll.dll+0xb3a18]
C  [ntdll.dll+0xa90fe]
C  [x264vfw64.dll+0x1dfe36]

Java frames: (J=compiled Java code, j=interpreted, Vv=VM code)
J 815  org.opencv.videoio.VideoCapture.read_0(JJ)Z (0 bytes) @ 0x0000000002f3f104 [0x0000000002f3f0c0+0x44]
J 893 C2 org.opencv.videoio.VideoCapture.read(Lorg/opencv/core/Mat;)Z (14 bytes) @ 0x0000000002f642dc [0x0000000002f642a0+0x3c]
j  com.projeto.view.TelaInicial$RunVideoThread.run()V+30
j  java.lang.Thread.run()V+11
v  ~StubRoutines::call_stub

---------------  P R O C E S S  ---------------

Java Threads: ( => current thread )
  0x0000000016d75000 JavaThread "Thread-4" daemon [_thread_in_native, id=5924, stack(0x0000000021810000,0x0000000021910000)]
  0x0000000016d50800 JavaThread "Swing-Shell" daemon [_thread_blocked, id=12348, stack(0x0000000021210000,0x0000000021310000)]
=>0x0000000017405000 JavaThread "Thread-2" daemon [_thread_in_native, id=14300, stack(0x0000000020f10000,0x0000000021010000)]
  0x0000000017406000 JavaThread "TimerQueue" daemon [_thread_blocked, id=12444, stack(0x00000000197b0000,0x00000000198b0000)]
  0x0000000002b51000 JavaThread "DestroyJavaVM" [_thread_blocked, id=7876, stack(0x0000000002990000,0x0000000002a90000)]
  0x0000000017342800 JavaThread "AWT-EventQueue-0" [_thread_blocked, id=13660, stack(0x0000000018270000,0x0000000018370000)]
  0x0000000016f30000 JavaThread "AWT-Windows" daemon [_thread_in_native, id=10184, stack(0x0000000017d60000,0x0000000017e60000)]
  0x0000000016f25000 JavaThread "AWT-Shutdown" [_thread_blocked, id=10400, stack(0x0000000017c60000,0x0000000017d60000)]
  0x0000000016f24000 JavaThread "Java2D Disposer" daemon [_thread_blocked, id=3388, stack(0x0000000017ab0000,0x0000000017bb0000)]
  0x000000001526c000 JavaThread "Service Thread" daemon [_thread_blocked, id=10768, stack(0x0000000016f60000,0x0000000017060000)]
  0x0000000015212800 JavaThread "C1 CompilerThread2" daemon [_thread_blocked, id=2676, stack(0x0000000016a60000,0x0000000016b60000)]
  0x000000001520d000 JavaThread "C2 CompilerThread1" daemon [_thread_blocked, id=5540, stack(0x0000000016960000,0x0000000016a60000)]
  0x0000000015219800 JavaThread "C2 CompilerThread0" daemon [_thread_blocked, id=8408, stack(0x0000000016860000,0x0000000016960000)]
  0x0000000015218800 JavaThread "Attach Listener" daemon [_thread_blocked, id=13812, stack(0x0000000016760000,0x0000000016860000)]
  0x0000000015217000 JavaThread "Signal Dispatcher" daemon [_thread_blocked, id=9944, stack(0x0000000016660000,0x0000000016760000)]
  0x0000000002c4d000 JavaThread "Finalizer" daemon [_thread_blocked, id=8356, stack(0x0000000016460000,0x0000000016560000)]
  0x0000000002c41800 JavaThread "Reference Handler" daemon [_thread_blocked, id=7872, stack(0x0000000016360000,0x0000000016460000)]

Other Threads:
  0x00000000151d7800 VMThread [stack: 0x0000000016260000,0x0000000016360000] [id=13164]
  0x000000001526e800 WatcherThread [stack: 0x00000000171b0000,0x00000000172b0000] [id=5692]

VM state:not at safepoint (normal execution)

VM Mutex/Monitor currently owned by a thread: None

Heap:
 PSYoungGen      total 21504K, used 2298K [0x00000000eb500000, 0x00000000ed580000, 0x0000000100000000)
  eden space 16384K, 13% used [0x00000000eb500000,0x00000000eb71e878,0x00000000ec500000)
  from space 5120K, 2% used [0x00000000ecb80000,0x00000000ecba0000,0x00000000ed080000)
  to   space 5120K, 0% used [0x00000000ed080000,0x00000000ed080000,0x00000000ed580000)
 ParOldGen       total 44032K, used 7369K [0x00000000c1e00000, 0x00000000c4900000, 0x00000000eb500000)
  object space 44032K, 16% used [0x00000000c1e00000,0x00000000c25324b0,0x00000000c4900000)
 Metaspace       used 13328K, capacity 13540K, committed 13696K, reserved 1060864K
  class space    used 1746K, capacity 1839K, committed 1920K, reserved 1048576K

Card table byte_map: [0x0000000012010000,0x0000000012210000] byte_map_base: 0x0000000011a01000

Marking Bits: (ParMarkBitMap*) 0x000000005d6fd850
 Begin Bits: [0x0000000012760000, 0x00000000136e8000)
 End Bits:   [0x00000000136e8000, 0x0000000014670000)

Polling page: 0x0000000000f60000

CodeCache: size=245760Kb used=3955Kb max_used=3955Kb free=241804Kb
 bounds [0x0000000002c50000, 0x0000000003030000, 0x0000000011c50000]
 total_blobs=1706 nmethods=1148 adapters=470
 compilation: enabled

Compilation events (10 events):
Event: 26.174 Thread 0x0000000015212800 1157       3       javax.swing.RepaintManager::currentManager (7 bytes)
Event: 26.174 Thread 0x0000000015212800 nmethod 1157 0x000000000302c7d0 code [0x000000000302c940, 0x000000000302cad8]
Event: 26.174 Thread 0x0000000015212800 1158       3       java.beans.PropertyChangeSupport::firePropertyChange (35 bytes)
Event: 26.175 Thread 0x0000000015212800 nmethod 1158 0x000000000302cb90 code [0x000000000302cd40, 0x000000000302d3e8]
Event: 26.175 Thread 0x0000000015212800 1160       3       java.util.Collections::emptyList (4 bytes)
Event: 26.175 Thread 0x0000000015212800 nmethod 1160 0x000000000302d6d0 code [0x000000000302d820, 0x000000000302d950]
Event: 26.175 Thread 0x0000000015212800 1159       3       java.beans.PropertyChangeEvent::<init> (22 bytes)
Event: 26.175 Thread 0x0000000015212800 nmethod 1159 0x000000000302d9d0 code [0x000000000302db60, 0x000000000302dec8]
Event: 26.742 Thread 0x0000000015212800 1161       3       java.awt.Component::hasFocus (16 bytes)
Event: 26.742 Thread 0x0000000015212800 nmethod 1161 0x000000000302e050 code [0x000000000302e1e0, 0x000000000302e508]

GC Heap History (10 events):
Event: 17.153 GC heap before
{Heap before GC invocations=7 (full 0):
 PSYoungGen      total 20480K, used 19197K [0x00000000eb500000, 0x00000000ecd00000, 0x0000000100000000)
  eden space 16384K, 95% used [0x00000000eb500000,0x00000000ec455f60,0x00000000ec500000)
  from space 4096K, 85% used [0x00000000ec900000,0x00000000ecc697a0,0x00000000ecd00000)
  to   space 4096K, 0% used [0x00000000ec500000,0x00000000ec500000,0x00000000ec900000)
 ParOldGen       total 44032K, used 2185K [0x00000000c1e00000, 0x00000000c4900000, 0x00000000eb500000)
  object space 44032K, 4% used [0x00000000c1e00000,0x00000000c20227c8,0x00000000c4900000)
 Metaspace       used 11875K, capacity 12056K, committed 12160K, reserved 1060864K
  class space    used 1515K, capacity 1605K, committed 1664K, reserved 1048576K
Event: 17.159 GC heap after
Heap after GC invocations=7 (full 0):
 PSYoungGen      total 20480K, used 128K [0x00000000eb500000, 0x00000000ede00000, 0x0000000100000000)
  eden space 16384K, 0% used [0x00000000eb500000,0x00000000eb500000,0x00000000ec500000)
  from space 4096K, 3% used [0x00000000ec500000,0x00000000ec520000,0x00000000ec900000)
  to   space 4608K, 0% used [0x00000000ed980000,0x00000000ed980000,0x00000000ede00000)
 ParOldGen       total 44032K, used 7068K [0x00000000c1e00000, 0x00000000c4900000, 0x00000000eb500000)
  object space 44032K, 16% used [0x00000000c1e00000,0x00000000c24e7190,0x00000000c4900000)
 Metaspace       used 11875K, capacity 12056K, committed 12160K, reserved 1060864K
  class space    used 1515K, capacity 1605K, committed 1664K, reserved 1048576K
}
Event: 17.427 GC heap before
{Heap before GC invocations=8 (full 0):
 PSYoungGen      total 20480K, used 15782K [0x00000000eb500000, 0x00000000ede00000, 0x0000000100000000)
  eden space 16384K, 95% used [0x00000000eb500000,0x00000000ec449888,0x00000000ec500000)
  from space 4096K, 3% used [0x00000000ec500000,0x00000000ec520000,0x00000000ec900000)
  to   space 4608K, 0% used [0x00000000ed980000,0x00000000ed980000,0x00000000ede00000)
 ParOldGen       total 44032K, used 7068K [0x00000000c1e00000, 0x00000000c4900000, 0x00000000eb500000)
  object space 44032K, 16% used [0x00000000c1e00000,0x00000000c24e7190,0x00000000c4900000)
 Metaspace       used 11876K, capacity 12056K, committed 12160K, reserved 1060864K
  class space    used 1515K, capacity 1605K, committed 1664K, reserved 1048576K
Event: 17.428 GC heap after
Heap after GC invocations=8 (full 0):
 PSYoungGen      total 17920K, used 1028K [0x00000000eb500000, 0x00000000edb00000, 0x0000000100000000)
  eden space 16384K, 0% used [0x00000000eb500000,0x00000000eb500000,0x00000000ec500000)
  from space 1536K, 66% used [0x00000000ed980000,0x00000000eda81010,0x00000000edb00000)
  to   space 5120K, 0% used [0x00000000ed100000,0x00000000ed100000,0x00000000ed600000)
 ParOldGen       total 44032K, used 7076K [0x00000000c1e00000, 0x00000000c4900000, 0x00000000eb500000)
  object space 44032K, 16% used [0x00000000c1e00000,0x00000000c24e9190,0x00000000c4900000)
 Metaspace       used 11876K, capacity 12056K, committed 12160K, reserved 1060864K
  class space    used 1515K, capacity 1605K, committed 1664K, reserved 1048576K
}
Event: 19.866 GC heap before
{Heap before GC invocations=9 (full 0):
 PSYoungGen      total 17920K, used 17412K [0x00000000eb500000, 0x00000000edb00000, 0x0000000100000000)
  eden space 16384K, 100% used [0x00000000eb500000,0x00000000ec500000,0x00000000ec500000)
  from space 1536K, 66% used [0x00000000ed980000,0x00000000eda81010,0x00000000edb00000)
  to   space 5120K, 0% used [0x00000000ed100000,0x00000000ed100000,0x00000000ed600000)
 ParOldGen       total 44032K, used 7076K [0x00000000c1e00000, 0x00000000c4900000, 0x00000000eb500000)
  object space 44032K, 16% used [0x00000000c1e00000,0x00000000c24e9190,0x00000000c4900000)
 Metaspace       used 11931K, capacity 12120K, committed 12416K, reserved 1060864K
  class space    used 1515K, capacity 1605K, committed 1664K, reserved 1048576K
Event: 19.867 GC heap after
Heap after GC invocations=9 (full 0):
 PSYoungGen      total 16896K, used 160K [0x00000000eb500000, 0x00000000eda00000, 0x0000000100000000)
  eden space 16384K, 0% used [0x00000000eb500000,0x00000000eb500000,0x00000000ec500000)
  from space 512K, 31% used [0x00000000ed100000,0x00000000ed128000,0x00000000ed180000)
  to   space 5120K, 0% used [0x00000000ed500000,0x00000000ed500000,0x00000000eda00000)
 ParOldGen       total 44032K, used 7092K [0x00000000c1e00000, 0x00000000c4900000, 0x00000000eb500000)
  object space 44032K, 16% used [0x00000000c1e00000,0x00000000c24ed190,0x00000000c4900000)
 Metaspace       used 11931K, capacity 12120K, committed 12416K, reserved 1060864K
  class space    used 1515K, capacity 1605K, committed 1664K, reserved 1048576K
}
Event: 22.836 GC heap before
{Heap before GC invocations=10 (full 0):
 PSYoungGen      total 16896K, used 16544K [0x00000000eb500000, 0x00000000eda00000, 0x0000000100000000)
  eden space 16384K, 100% used [0x00000000eb500000,0x00000000ec500000,0x00000000ec500000)
  from space 512K, 31% used [0x00000000ed100000,0x00000000ed128000,0x00000000ed180000)
  to   space 5120K, 0% used [0x00000000ed500000,0x00000000ed500000,0x00000000eda00000)
 ParOldGen       total 44032K, used 7092K [0x00000000c1e00000, 0x00000000c4900000, 0x00000000eb500000)
  object space 44032K, 16% used [0x00000000c1e00000,0x00000000c24ed190,0x00000000c4900000)
 Metaspace       used 13146K, capacity 13380K, committed 13696K, reserved 1060864K
  class space    used 1728K, capacity 1807K, committed 1920K, reserved 1048576K
Event: 22.837 GC heap after
Heap after GC invocations=10 (full 0):
 PSYoungGen      total 16896K, used 352K [0x00000000eb500000, 0x00000000ed580000, 0x0000000100000000)
  eden space 16384K, 0% used [0x00000000eb500000,0x00000000eb500000,0x00000000ec500000)
  from space 512K, 68% used [0x00000000ed500000,0x00000000ed558000,0x00000000ed580000)
  to   space 5120K, 0% used [0x00000000ecb80000,0x00000000ecb80000,0x00000000ed080000)
 ParOldGen       total 44032K, used 7108K [0x00000000c1e00000, 0x00000000c4900000, 0x00000000eb500000)
  object space 44032K, 16% used [0x00000000c1e00000,0x00000000c24f1190,0x00000000c4900000)
 Metaspace       used 13146K, capacity 13380K, committed 13696K, reserved 1060864K
  class space    used 1728K, capacity 1807K, committed 1920K, reserved 1048576K
}
Event: 26.270 GC heap before
{Heap before GC invocations=11 (full 0):
 PSYoungGen      total 16896K, used 16736K [0x00000000eb500000, 0x00000000ed580000, 0x0000000100000000)
  eden space 16384K, 100% used [0x00000000eb500000,0x00000000ec500000,0x00000000ec500000)
  from space 512K, 68% used [0x00000000ed500000,0x00000000ed558000,0x00000000ed580000)
  to   space 5120K, 0% used [0x00000000ecb80000,0x00000000ecb80000,0x00000000ed080000)
 ParOldGen       total 44032K, used 7108K [0x00000000c1e00000, 0x00000000c4900000, 0x00000000eb500000)
  object space 44032K, 16% used [0x00000000c1e00000,0x00000000c24f1190,0x00000000c4900000)
 Metaspace       used 13327K, capacity 13540K, committed 13696K, reserved 1060864K
  class space    used 1746K, capacity 1839K, committed 1920K, reserved 1048576K
Event: 26.271 GC heap after
Heap after GC invocations=11 (full 0):
 PSYoungGen      total 21504K, used 128K [0x00000000eb500000, 0x00000000ed580000, 0x0000000100000000)
  eden space 16384K, 0% used [0x00000000eb500000,0x00000000eb500000,0x00000000ec500000)
  from space 5120K, 2% used [0x00000000ecb80000,0x00000000ecba0000,0x00000000ed080000)
  to   space 5120K, 0% used [0x00000000ed080000,0x00000000ed080000,0x00000000ed580000)
 ParOldGen       total 44032K, used 7369K [0x00000000c1e00000, 0x00000000c4900000, 0x00000000eb500000)
  object space 44032K, 16% used [0x00000000c1e00000,0x00000000c25324b0,0x00000000c4900000)
 Metaspace       used 13327K, capacity 13540K, committed 13696K, reserved 1060864K
  class space    used 1746K, capacity 1839K, committed 1920K, reserved 1048576K
}

Deoptimization events (4 events):
Event: 3.137 Thread 0x0000000017342800 Uncommon trap: reason=class_check action=maybe_recompile pc=0x0000000002dc9ea8 method=java.lang.String.equals(Ljava/lang/Object;)Z @ 8
Event: 3.137 Thread 0x0000000017342800 Uncommon trap: reason=class_check action=maybe_recompile pc=0x0000000002dc9ea8 method=java.lang.String.equals(Ljava/lang/Object;)Z @ 8
Event: 12.559 Thread 0x0000000017342800 Uncommon trap: reason=class_check action=maybe_recompile pc=0x0000000002dc9ea8 method=java.lang.String.equals(Ljava/lang/Object;)Z @ 8
Event: 18.453 Thread 0x0000000017342800 Uncommon trap: reason=class_check action=maybe_recompile pc=0x0000000002dc9ea8 method=java.lang.String.equals(Ljava/lang/Object;)Z @ 8

Internal exceptions (10 events):
Event: 0.028 Thread 0x0000000002b51000 Exception <a 'java/lang/NoSuchMethodError': Method sun.misc.Unsafe.prefetchRead(Ljava/lang/Object;J)V name or signature does not match> (0x00000000eb507f90) thrown at [C:\re\workspace\8-2-build-windows-amd64-cygwin\jdk8u151\9699\hotspot\src\share\vm\prims
Event: 0.237 Thread 0x0000000002b51000 Exception <a 'java/io/FileNotFoundException'> (0x00000000eb558768) thrown at [C:\re\workspace\8-2-build-windows-amd64-cygwin\jdk8u151\9699\hotspot\src\share\vm\prims\jni.cpp, line 709]
Event: 0.352 Thread 0x0000000002b51000 Exception <a 'java/security/PrivilegedActionException'> (0x00000000eb634c30) thrown at [C:\re\workspace\8-2-build-windows-amd64-cygwin\jdk8u151\9699\hotspot\src\share\vm\prims\jvm.cpp, line 1390]
Event: 0.352 Thread 0x0000000002b51000 Exception <a 'java/security/PrivilegedActionException'> (0x00000000eb634e40) thrown at [C:\re\workspace\8-2-build-windows-amd64-cygwin\jdk8u151\9699\hotspot\src\share\vm\prims\jvm.cpp, line 1390]
Event: 0.355 Thread 0x0000000002b51000 Exception <a 'java/security/PrivilegedActionException'> (0x00000000eb638d50) thrown at [C:\re\workspace\8-2-build-windows-amd64-cygwin\jdk8u151\9699\hotspot\src\share\vm\prims\jvm.cpp, line 1390]
Event: 0.355 Thread 0x0000000002b51000 Exception <a 'java/security/PrivilegedActionException'> (0x00000000eb638f60) thrown at [C:\re\workspace\8-2-build-windows-amd64-cygwin\jdk8u151\9699\hotspot\src\share\vm\prims\jvm.cpp, line 1390]
Event: 0.363 Thread 0x0000000002b51000 Exception <a 'java/io/FileNotFoundException'> (0x00000000eb63ea10) thrown at [C:\re\workspace\8-2-build-windows-amd64-cygwin\jdk8u151\9699\hotspot\src\share\vm\prims\jni.cpp, line 709]
Event: 0.397 Thread 0x0000000002b51000 Exception <a 'java/lang/NoSuchFieldError': method resolution failed> (0x00000000eb70bea0) thrown at [C:\re\workspace\8-2-build-windows-amd64-cygwin\jdk8u151\9699\hotspot\src\share\vm\prims\methodHandles.cpp, line 1146]
Event: 0.399 Thread 0x0000000002b51000 Exception <a 'java/lang/NoSuchFieldError': method resolution failed> (0x00000000eb7191f0) thrown at [C:\re\workspace\8-2-build-windows-amd64-cygwin\jdk8u151\9699\hotspot\src\share\vm\prims\methodHandles.cpp, line 1146]
Event: 0.435 Thread 0x0000000002b51000 Exception <a 'java/io/FileNotFoundException'> (0x00000000eb7b1ad8) thrown at [C:\re\workspace\8-2-build-windows-amd64-cygwin\jdk8u151\9699\hotspot\src\share\vm\prims\jni.cpp, line 709]

Events (10 events):
Event: 25.123 loading class java/awt/Window$1DisposeAction done
Event: 26.270 Executing VM operation: ParallelGCFailedAllocation
Event: 26.271 Executing VM operation: ParallelGCFailedAllocation done
Event: 26.348 Executing VM operation: RevokeBias
Event: 26.348 Executing VM operation: RevokeBias done
Event: 26.348 Thread 0x0000000016d4a000 Thread exited: 0x0000000016d4a000
Event: 26.350 Executing VM operation: RevokeBias
Event: 26.350 Executing VM operation: RevokeBias done
Event: 26.350 Thread 0x0000000016d4f000 Thread exited: 0x0000000016d4f000
Event: 26.741 Thread 0x0000000016d75000 Thread added: 0x0000000016d75000


Dynamic libraries:
0x00007ff6126b0000 - 0x00007ff6126e7000 	C:\Program Files\Java\jdk1.8.0_151\bin\java.exe
0x00007ffeafbe0000 - 0x00007ffeafdbb000 	C:\Windows\SYSTEM32\ntdll.dll
0x00007ffe938b0000 - 0x00007ffe938e4000 	C:\Program Files\AVAST Software\Avast\x64\aswhooka.dll
0x00007ffeadc70000 - 0x00007ffeadd1e000 	C:\Windows\System32\KERNEL32.DLL
0x00007ffeacd20000 - 0x00007ffeacf69000 	C:\Windows\System32\KERNELBASE.dll
0x00007ffead710000 - 0x00007ffead7b1000 	C:\Windows\System32\ADVAPI32.dll
0x00007ffeaf9f0000 - 0x00007ffeafa8d000 	C:\Windows\System32\msvcrt.dll
0x00007ffead140000 - 0x00007ffead199000 	C:\Windows\System32\sechost.dll
0x00007ffead340000 - 0x00007ffead465000 	C:\Windows\System32\RPCRT4.dll
0x00007ffeafa90000 - 0x00007ffeafbda000 	C:\Windows\System32\USER32.dll
0x00007ffeaca00000 - 0x00007ffeaca1e000 	C:\Windows\System32\win32u.dll
0x00007ffead940000 - 0x00007ffead967000 	C:\Windows\System32\GDI32.dll
0x00007ffeaca20000 - 0x00007ffeacba7000 	C:\Windows\System32\gdi32full.dll
0x00007ffeacc80000 - 0x00007ffeacd1a000 	C:\Windows\System32\msvcp_win.dll
0x00007ffeac8b0000 - 0x00007ffeac9a6000 	C:\Windows\System32\ucrtbase.dll
0x00007ffea5cb0000 - 0x00007ffea5f17000 	C:\Windows\WinSxS\amd64_microsoft.windows.common-controls_6595b64144ccf1df_6.0.15063.483_none_26002d27e7c744a2\COMCTL32.dll
0x00007ffead970000 - 0x00007ffeadc69000 	C:\Windows\System32\combase.dll
0x00007ffeacc10000 - 0x00007ffeacc7a000 	C:\Windows\System32\bcryptPrimitives.dll
0x00007ffeae080000 - 0x00007ffeae0ad000 	C:\Windows\System32\IMM32.DLL
0x000000005ce00000 - 0x000000005ced2000 	C:\Program Files\Java\jdk1.8.0_151\jre\bin\msvcr100.dll
0x000000005cee0000 - 0x000000005d77d000 	C:\Program Files\Java\jdk1.8.0_151\jre\bin\server\jvm.dll
0x00007ffead930000 - 0x00007ffead938000 	C:\Windows\System32\PSAPI.DLL
0x00007ffea8c40000 - 0x00007ffea8c49000 	C:\Windows\SYSTEM32\WSOCK32.dll
0x00007ffead670000 - 0x00007ffead6dc000 	C:\Windows\System32\WS2_32.dll
0x00007ffea39b0000 - 0x00007ffea39d3000 	C:\Windows\SYSTEM32\WINMM.dll
0x00007ffea6280000 - 0x00007ffea628a000 	C:\Windows\SYSTEM32\VERSION.dll
0x00007ffea3730000 - 0x00007ffea375b000 	C:\Windows\SYSTEM32\WINMMBASE.dll
0x00007ffeac9b0000 - 0x00007ffeac9f9000 	C:\Windows\System32\cfgmgr32.dll
0x000000005cdb0000 - 0x000000005cdbf000 	C:\Program Files\Java\jdk1.8.0_151\jre\bin\verify.dll
0x000000005cd80000 - 0x000000005cda9000 	C:\Program Files\Java\jdk1.8.0_151\jre\bin\java.dll
0x000000005cd60000 - 0x000000005cd76000 	C:\Program Files\Java\jdk1.8.0_151\jre\bin\zip.dll
0x00007ffeae170000 - 0x00007ffeaf5a7000 	C:\Windows\System32\SHELL32.dll
0x00007ffead5c0000 - 0x00007ffead66a000 	C:\Windows\System32\shcore.dll
0x00007ffeac1b0000 - 0x00007ffeac8a1000 	C:\Windows\System32\windows.storage.dll
0x00007ffeae110000 - 0x00007ffeae161000 	C:\Windows\System32\shlwapi.dll
0x00007ffeac070000 - 0x00007ffeac081000 	C:\Windows\System32\kernel.appcore.dll
0x00007ffeac090000 - 0x00007ffeac0dc000 	C:\Windows\System32\powrprof.dll
0x00007ffeac0e0000 - 0x00007ffeac0f5000 	C:\Windows\System32\profapi.dll
0x00007ffe551d0000 - 0x00007ffe56a55000 	C:\opencv\build\java\x64\opencv_java300.dll
0x00007ffeade20000 - 0x00007ffeadf65000 	C:\Windows\System32\ole32.dll
0x00007ffead500000 - 0x00007ffead5c0000 	C:\Windows\System32\OLEAUT32.dll
0x00007ffe9c230000 - 0x00007ffe9c259000 	C:\Windows\SYSTEM32\MSVFW32.dll
0x00007ffe9d8f0000 - 0x00007ffe9d90f000 	C:\Windows\SYSTEM32\AVIFIL32.dll
0x00007ffe9c1b0000 - 0x00007ffe9c1c8000 	C:\Windows\SYSTEM32\AVICAP32.dll
0x00007ffea86c0000 - 0x00007ffea86dc000 	C:\Windows\SYSTEM32\MSACM32.dll
0x000000005cb80000 - 0x000000005cd18000 	C:\Program Files\Java\jdk1.8.0_151\jre\bin\awt.dll
0x00007ffeaa7f0000 - 0x00007ffeaa86e000 	C:\Windows\SYSTEM32\apphelp.dll
0x00007ffea4730000 - 0x00007ffea475a000 	C:\Windows\system32\DWMAPI.DLL
0x00007ffeaa950000 - 0x00007ffeaa9e5000 	C:\Windows\system32\uxtheme.dll
0x00007ffea39e0000 - 0x00007ffea3b01000 	C:\Windows\system32\opengl32.dll
0x00007ffea3700000 - 0x00007ffea372c000 	C:\Windows\SYSTEM32\GLU32.dll
0x00007ffead7c0000 - 0x00007ffead926000 	C:\Windows\System32\MSCTF.dll
0x000000005cb30000 - 0x000000005cb77000 	C:\Program Files\Java\jdk1.8.0_151\jre\bin\fontmanager.dll
0x00007ffeadd80000 - 0x00007ffeade1e000 	C:\Windows\System32\clbcatq.dll
0x00007ffe9e940000 - 0x00007ffe9eaec000 	C:\Windows\SYSTEM32\WindowsCodecs.dll
0x00007ffe8f080000 - 0x00007ffe8f0c7000 	C:\Windows\system32\dataexchange.dll
0x00007ffea99a0000 - 0x00007ffea9c7f000 	C:\Windows\system32\d3d11.dll
0x00007ffeaa320000 - 0x00007ffeaa442000 	C:\Windows\system32\dcomp.dll
0x00007ffeaafa0000 - 0x00007ffeab044000 	C:\Windows\system32\dxgi.dll
0x00007ffeaab70000 - 0x00007ffeaace0000 	C:\Windows\system32\twinapi.appcore.dll
0x00007ffeabe80000 - 0x00007ffeabea5000 	C:\Windows\system32\bcrypt.dll
0x000000005cd40000 - 0x000000005cd5a000 	C:\Program Files\Java\jdk1.8.0_151\jre\bin\net.dll
0x00007ffeab900000 - 0x00007ffeab95c000 	C:\Windows\system32\mswsock.dll
0x000000005cd20000 - 0x000000005cd31000 	C:\Program Files\Java\jdk1.8.0_151\jre\bin\nio.dll
0x000000005cae0000 - 0x000000005cb22000 	C:\Program Files\Java\jdk1.8.0_151\jre\bin\t2k.dll
0x00007ffe9d860000 - 0x00007ffe9d8e2000 	C:\Windows\System32\TextInputFramework.dll
0x00007ffe9ab30000 - 0x00007ffe9ae02000 	C:\Windows\System32\CoreUIComponents.dll
0x00007ffea9c80000 - 0x00007ffea9d63000 	C:\Windows\System32\CoreMessaging.dll
0x00007ffeab260000 - 0x00007ffeab291000 	C:\Windows\SYSTEM32\ntmarta.dll
0x00007ffea8e60000 - 0x00007ffea8f99000 	C:\Windows\SYSTEM32\wintypes.dll
0x00007ffea6dc0000 - 0x00007ffea6dd5000 	C:\Windows\SYSTEM32\usermgrcli.dll
0x00007ffe9da70000 - 0x00007ffe9da87000 	C:\Windows\System32\devenum.dll
0x00007ffeaf5b0000 - 0x00007ffeaf9eb000 	C:\Windows\System32\setupapi.dll
0x00007ffeaab40000 - 0x00007ffeaab68000 	C:\Windows\SYSTEM32\DEVOBJ.dll
0x00007ffeacbb0000 - 0x00007ffeacc06000 	C:\Windows\System32\WINTRUST.dll
0x00007ffeac050000 - 0x00007ffeac061000 	C:\Windows\System32\MSASN1.dll
0x00007ffeacf70000 - 0x00007ffead139000 	C:\Windows\System32\CRYPT32.dll
0x00007ffe968e0000 - 0x00007ffe968eb000 	C:\Windows\SYSTEM32\msdmo.dll
0x00007ffe9bf50000 - 0x00007ffe9bf82000 	C:\Windows\System32\qcap.dll
0x00007ffe75230000 - 0x00007ffe753ec000 	C:\Windows\System32\quartz.dll
0x00007ffe9b990000 - 0x00007ffe9b9dd000 	C:\Windows\System32\mfksproxy.dll
0x00007ffe938f0000 - 0x00007ffe9390c000 	C:\Windows\System32\ATL.DLL
0x00007ffe9baa0000 - 0x00007ffe9bad2000 	C:\Windows\System32\MFSENSORGROUP.dll
0x00007ffea8a80000 - 0x00007ffea8c20000 	C:\Windows\System32\MFPlat.DLL
0x00007ffea8a40000 - 0x00007ffea8a72000 	C:\Windows\System32\RTWorkQ.DLL
0x00007ffe96290000 - 0x00007ffe962d8000 	C:\Windows\System32\ksproxy.ax
0x00007ffea7e40000 - 0x00007ffea7e49000 	C:\Windows\System32\ksuser.dll
0x00007ffe6c640000 - 0x00007ffe6c7c9000 	C:\Windows\System32\d3d9.dll
0x00007ffea93b0000 - 0x00007ffea9427000 	C:\Windows\SYSTEM32\policymanager.dll
0x00007ffea9320000 - 0x00007ffea93af000 	C:\Windows\System32\msvcp110_win.dll
0x00007ffea7270000 - 0x00007ffea727c000 	C:\Windows\System32\vidcap.ax
0x00007ffe9c180000 - 0x00007ffe9c1a6000 	C:\Windows\System32\kswdmcap.ax
0x00007ffe750c0000 - 0x00007ffe75224000 	C:\Windows\System32\MFC42.dll
0x00007ffe88900000 - 0x00007ffe8899f000 	C:\Windows\System32\qedit.dll
0x00007ffeadf70000 - 0x00007ffeae078000 	C:\Windows\System32\COMDLG32.dll
0x00007ffea5a50000 - 0x00007ffea5be5000 	C:\Windows\WinSxS\amd64_microsoft.windows.gdiplus_6595b64144ccf1df_1.1.15063.608_none_56f0266b425534e9\gdiplus.dll
0x00007ffe6ce00000 - 0x00007ffe6cef6000 	C:\Windows\System32\DDRAW.dll
0x00007ffea0970000 - 0x00007ffea0978000 	C:\Windows\System32\DCIMAN32.dll
0x00007ffe6c920000 - 0x00007ffe6cdf1000 	C:\Program Files (x86)\K-Lite Codec Pack\Filters\ffdshow64\ffdshow.ax
0x00007ffe889e0000 - 0x00007ffe88a0c000 	C:\Windows\SYSTEM32\DINPUT.dll
0x00007ffeabf80000 - 0x00007ffeabfb0000 	C:\Windows\SYSTEM32\SspiCli.dll
0x00007ffe64370000 - 0x00007ffe64562000 	C:\Program Files (x86)\K-Lite Codec Pack\Filters\vsfilter64.dll
0x00007ffea5bf0000 - 0x00007ffea5c7a000 	C:\Windows\SYSTEM32\WINSPOOL.DRV
0x00007ffe970e0000 - 0x00007ffe9740e000 	C:\Windows\SYSTEM32\WININET.dll
0x00007ffe794f0000 - 0x00007ffe79596000 	C:\Windows\WinSxS\amd64_microsoft.windows.common-controls_6595b64144ccf1df_5.82.15063.413_none_0e0f5dcc67adff4e\comctl32.dll
0x00007ffea6a60000 - 0x00007ffea6bf6000 	C:\Windows\SYSTEM32\PROPSYS.dll
0x00007ffea0c90000 - 0x00007ffea11c1000 	C:\Windows\System32\OneCoreUAPCommonProxyStub.dll
0x00007ffe843c0000 - 0x00007ffe844e7000 	C:\Windows\system32\NetworkExplorer.dll
0x00007ffe93890000 - 0x00007ffe938ab000 	C:\Windows\SYSTEM32\MPR.dll
0x00007ffe85250000 - 0x00007ffe8525b000 	C:\Windows\System32\drprov.dll
0x00007ffeabb00000 - 0x00007ffeabb55000 	C:\Windows\System32\WINSTA.dll
0x00007ffe85230000 - 0x00007ffe85246000 	C:\Windows\System32\ntlanman.dll
0x00007ffe85210000 - 0x00007ffe85230000 	C:\Windows\System32\davclnt.dll
0x00007ffe85200000 - 0x00007ffe8520c000 	C:\Windows\System32\DAVHLPR.dll
0x00007ffea7480000 - 0x00007ffea7496000 	C:\Windows\System32\wkscli.dll
0x00007ffea0980000 - 0x00007ffea0992000 	C:\Windows\SYSTEM32\cscapi.dll
0x00007ffeab6e0000 - 0x00007ffeab6ed000 	C:\Windows\System32\netutils.dll
0x00007ffe84370000 - 0x00007ffe843ba000 	C:\Windows\System32\dlnashext.dll
0x00007ffe9ef70000 - 0x00007ffe9efdd000 	C:\Windows\System32\PlayToDevice.dll
0x00007ffe851e0000 - 0x00007ffe851fe000 	C:\Windows\System32\DevDispItemProvider.dll
0x00007ffea6760000 - 0x00007ffea67c7000 	C:\Windows\System32\MMDevApi.dll
0x00007ffe90b10000 - 0x00007ffe90cef000 	C:\Windows\system32\wpdshext.dll
0x00007ffea86e0000 - 0x00007ffea877c000 	C:\Windows\System32\PortableDeviceApi.dll
0x00007ffe858d0000 - 0x00007ffe85906000 	C:\Windows\System32\EhStorShell.dll
0x00007ffe9ae20000 - 0x00007ffe9ae45000 	C:\Windows\System32\EhStorAPI.dll
0x00007ffea8640000 - 0x00007ffea8653000 	C:\Windows\System32\WTSAPI32.dll
0x00007ffe8f280000 - 0x00007ffe8f290000 	C:\Windows\SYSTEM32\LINKINFO.dll
0x000000005c650000 - 0x000000005ca53000 	C:\Windows\SYSTEM32\x264vfw64.dll

VM Arguments:
jvm_args: -Dfile.encoding=UTF-8 -Djava.library.path=C:\opencv\build\java\x64 
java_command: com.projeto.main.Main
java_class_path (initial): C:\opencv\build\java\opencv-300.jar;C:\Users\Felipe Pavan\Desktop\usb\Projeto\build\classes
Launcher Type: SUN_STANDARD

Environment Variables:
JAVA_HOME=C:\Program Files\Java\jdk1.8.0_151
JRE_HOME=C:\Program Files\Java\jre1.8.0_151
CLASSPATH=C:\Program Files\Java\jdk1.8.0_151\lib;C:\Program Files\Java\jre1.8.0_151\lib
PATH=C:\ProgramData\Oracle\Java\javapath;C:\Program Files (x86)\Intel\iCLS Client\;C:\Program Files\Intel\iCLS Client\;C:\Windows\system32;C:\Windows;C:\Windows\System32\Wbem;C:\Windows\System32\WindowsPowerShell\v1.0\;C:\Program Files (x86)\Intel\Intel(R) Management Engine Components\DAL;C:\Program Files\Intel\Intel(R) Management Engine Components\DAL;C:\Program Files (x86)\Intel\Intel(R) Management Engine Components\IPT;C:\Program Files\Intel\Intel(R) Management Engine Components\IPT;C:\Program Files\Java\jdk1.8.0_151\bin;C:\Program Files\Java\jre1.8.0_151\bin;C:\Users\Felipe Pavan\AppData\Local\Microsoft\WindowsApps;
USERNAME=Felipe Pavan
OS=Windows_NT
PROCESSOR_IDENTIFIER=Intel64 Family 6 Model 142 Stepping 9, GenuineIntel



---------------  S Y S T E M  ---------------

OS: Windows 10.0 , 64 bit Build 15063 (10.0.15063.296)

CPU:total 4 (initial active 4) (2 cores per cpu, 2 threads per core) family 6 model 142 stepping 9, cmov, cx8, fxsr, mmx, sse, sse2, sse3, ssse3, sse4.1, sse4.2, popcnt, avx, avx2, aes, clmul, erms, 3dnowpref, lzcnt, ht, tsc, tscinvbit, bmi1, bmi2, adx

Memory: 4k page, physical 4070148k(737024k free), swap 7419532k(1561504k free)

vm_info: Java HotSpot(TM) 64-Bit Server VM (25.151-b12) for windows-amd64 JRE (1.8.0_151-b12), built on Sep  5 2017 19:33:46 by "java_re" with MS VC++ 10.0 (VS2010)

time: Sat Jan 06 16:10:26 2018
elapsed time: 27 seconds (0d 0h 0m 27s)

